[debug] [2022-09-03T07:15:47.825Z] ----------------------------------------------------------------------
[debug] [2022-09-03T07:15:47.826Z] Command:       /usr/local/bin/node /usr/local/bin/firebase deploy
[debug] [2022-09-03T07:15:47.827Z] CLI Version:   11.8.0
[debug] [2022-09-03T07:15:47.827Z] Platform:      darwin
[debug] [2022-09-03T07:15:47.827Z] Node Version:  v16.15.0
[debug] [2022-09-03T07:15:47.831Z] Time:          Sat Sep 03 2022 12:45:47 GMT+0530 (India Standard Time)
[debug] [2022-09-03T07:15:47.831Z] ----------------------------------------------------------------------
[debug] 
[debug] [2022-09-03T07:15:47.876Z] > command requires scopes: ["email","openid","https://www.googleapis.com/auth/cloudplatformprojects.readonly","https://www.googleapis.com/auth/firebase","https://www.googleapis.com/auth/cloud-platform"]
[debug] [2022-09-03T07:15:47.876Z] > authorizing via signed-in user (saurabhsharma.karan@gmail.com)
[debug] [2022-09-03T07:15:47.876Z] [iam] checking project monster-rolodex-6d006 for permissions ["firebase.projects.get","firebasehosting.sites.update"]
[debug] [2022-09-03T07:15:47.878Z] >>> [apiv2][query] POST https://cloudresourcemanager.googleapis.com/v1/projects/monster-rolodex-6d006:testIamPermissions [none]
[debug] [2022-09-03T07:15:47.878Z] >>> [apiv2][(partial)header] POST https://cloudresourcemanager.googleapis.com/v1/projects/monster-rolodex-6d006:testIamPermissions x-goog-quota-user=projects/monster-rolodex-6d006
[debug] [2022-09-03T07:15:47.878Z] >>> [apiv2][body] POST https://cloudresourcemanager.googleapis.com/v1/projects/monster-rolodex-6d006:testIamPermissions {"permissions":["firebase.projects.get","firebasehosting.sites.update"]}
[debug] [2022-09-03T07:15:49.409Z] <<< [apiv2][status] POST https://cloudresourcemanager.googleapis.com/v1/projects/monster-rolodex-6d006:testIamPermissions 200
[debug] [2022-09-03T07:15:49.409Z] <<< [apiv2][body] POST https://cloudresourcemanager.googleapis.com/v1/projects/monster-rolodex-6d006:testIamPermissions {"permissions":["firebase.projects.get","firebasehosting.sites.update"]}
[debug] [2022-09-03T07:15:49.410Z] >>> [apiv2][query] GET https://firebase.googleapis.com/v1beta1/projects/monster-rolodex-6d006 [none]
[debug] [2022-09-03T07:15:50.125Z] <<< [apiv2][status] GET https://firebase.googleapis.com/v1beta1/projects/monster-rolodex-6d006 200
[debug] [2022-09-03T07:15:50.126Z] <<< [apiv2][body] GET https://firebase.googleapis.com/v1beta1/projects/monster-rolodex-6d006 {"projectId":"monster-rolodex-6d006","projectNumber":"952141592712","displayName":"Monster Rolodex","name":"projects/monster-rolodex-6d006","resources":{"hostingSite":"monster-rolodex-6d006"},"state":"ACTIVE","etag":"1_437a490c-f946-43f7-a1fe-e93487e52820"}
[info] 
[info] === Deploying to 'monster-rolodex-6d006'...
[info] 
[info] i  deploying hosting 
[debug] [2022-09-03T07:15:50.129Z] >>> [apiv2][query] GET https://firebase.googleapis.com/v1beta1/projects/monster-rolodex-6d006 [none]
[debug] [2022-09-03T07:15:50.588Z] <<< [apiv2][status] GET https://firebase.googleapis.com/v1beta1/projects/monster-rolodex-6d006 200
[debug] [2022-09-03T07:15:50.589Z] <<< [apiv2][body] GET https://firebase.googleapis.com/v1beta1/projects/monster-rolodex-6d006 {"projectId":"monster-rolodex-6d006","projectNumber":"952141592712","displayName":"Monster Rolodex","name":"projects/monster-rolodex-6d006","resources":{"hostingSite":"monster-rolodex-6d006"},"state":"ACTIVE","etag":"1_437a490c-f946-43f7-a1fe-e93487e52820"}
[debug] [2022-09-03T07:15:50.590Z] >>> [apiv2][query] POST https://firebasehosting.googleapis.com/v1beta1/projects/952141592712/sites/monster-rolodex-6d006/versions [none]
[debug] [2022-09-03T07:15:50.590Z] >>> [apiv2][body] POST https://firebasehosting.googleapis.com/v1beta1/projects/952141592712/sites/monster-rolodex-6d006/versions {"config":{},"labels":{"deployment-tool":"cli-firebase"}}
[debug] [2022-09-03T07:15:52.005Z] <<< [apiv2][status] POST https://firebasehosting.googleapis.com/v1beta1/projects/952141592712/sites/monster-rolodex-6d006/versions 200
[debug] [2022-09-03T07:15:52.006Z] <<< [apiv2][body] POST https://firebasehosting.googleapis.com/v1beta1/projects/952141592712/sites/monster-rolodex-6d006/versions {"name":"projects/952141592712/sites/monster-rolodex-6d006/versions/c654413c35031615","status":"CREATED","config":{},"labels":{"deployment-tool":"cli-firebase"}}
[info] i  hosting[monster-rolodex-6d006]: beginning deploy... 
[info] i  hosting[monster-rolodex-6d006]: found 15 files in build 
[debug] [2022-09-03T07:15:52.015Z] [hosting] uploading with 200 concurrency
